android/app/build/intermediates/manifest_merge_blame_file/debug/manifest-merger-blame-debug-report.txt
1<?xml version="1.0" encoding="utf-8"?>
2<manifest xmlns:android="http://schemas.android.com/apk/res/android"
3    package="com.stripe_newversion"
4    android:versionCode="1"
5    android:versionName="1.0" >
6
7    <uses-sdk
8        android:minSdkVersion="21"
9        android:targetSdkVersion="29" />
10
11    <uses-permission android:name="android.permission.SYSTEM_ALERT_WINDOW" />
11-->src/main/AndroidManifest.xml:5:2-75
11-->src/main/AndroidManifest.xml:5:19-72
12    <uses-permission android:name="android.permission.INTERNET" />
12-->src/main/AndroidManifest.xml:4:2-64
12-->src/main/AndroidManifest.xml:4:19-61
13    <uses-permission android:name="android.permission.RECEIVE_BOOT_COMPLETED" />
13-->src/main/AndroidManifest.xml:6:2-78
13-->src/main/AndroidManifest.xml:6:19-75
14    <uses-permission android:name="android.permission.VIBRATE" />
14-->src/main/AndroidManifest.xml:7:2-63
14-->src/main/AndroidManifest.xml:7:19-60
15    <uses-permission android:name="android.permission.ACCESS_NETWORK_STATE" />
15-->src/main/AndroidManifest.xml:8:2-76
15-->src/main/AndroidManifest.xml:8:19-73
16    <uses-permission android:name="android.permission.CAMERA" />
16-->src/main/AndroidManifest.xml:9:2-62
16-->src/main/AndroidManifest.xml:9:19-59
17    <uses-permission android:name="android.permission.WRITE_EXTERNAL_STORAGE" />
17-->src/main/AndroidManifest.xml:10:2-77
17-->src/main/AndroidManifest.xml:10:19-75
18    <uses-permission android:name="android.permission.WAKE_LOCK" />
18-->[:react-native-firebase] AndroidManifest.xml:12:5-68
18-->[:react-native-firebase] AndroidManifest.xml:12:22-65
19    <uses-permission android:name="android.permission.ACCESS_WIFI_STATE" />
19-->[com.facebook.flipper:flipper:0.75.1] AndroidManifest.xml:16:5-76
19-->[com.facebook.flipper:flipper:0.75.1] AndroidManifest.xml:16:22-73
20    <uses-permission android:name="android.permission.FOREGROUND_SERVICE" /> <!-- See https://developer.android.com/training/package-visibility/declaring for more details. -->
20-->[:react-native-track-player] AndroidManifest.xml:12:5-77
20-->[:react-native-track-player] AndroidManifest.xml:12:22-74
21    <queries>
21-->[com.stripe:payments-core:16.10.2] AndroidManifest.xml:10:5-14:15
22
23        <!-- Added to check if Chrome is installed for browser-based payment authentication (e.g. 3DS1). -->
24        <package android:name="com.android.chrome" />
24-->[com.stripe:payments-core:16.10.2] AndroidManifest.xml:13:9-54
24-->[com.stripe:payments-core:16.10.2] AndroidManifest.xml:13:18-51
25    </queries>
26
27    <uses-feature
27-->[com.google.android.gms:play-services-maps:17.0.0] AndroidManifest.xml:26:5-28:35
28        android:glEsVersion="0x00020000"
28-->[com.google.android.gms:play-services-maps:17.0.0] AndroidManifest.xml:27:9-41
29        android:required="true" /> <!-- Required by older versions of Google Play services to create IID tokens -->
29-->[com.google.android.gms:play-services-maps:17.0.0] AndroidManifest.xml:28:9-32
30    <uses-permission android:name="com.google.android.c2dm.permission.RECEIVE" />
30-->[com.google.firebase:firebase-messaging:23.0.0] AndroidManifest.xml:25:5-82
30-->[com.google.firebase:firebase-messaging:23.0.0] AndroidManifest.xml:25:22-79
31    <uses-permission android:name="com.google.android.finsky.permission.BIND_GET_INSTALL_REFERRER_SERVICE" />
31-->[com.google.android.gms:play-services-measurement:20.0.0] AndroidManifest.xml:26:5-110
31-->[com.google.android.gms:play-services-measurement:20.0.0] AndroidManifest.xml:26:22-107
32
33    <application
33-->src/main/AndroidManifest.xml:11:2-64:16
34        android:name="com.stripe_newversion.MainApplication"
34-->src/main/AndroidManifest.xml:12:7-38
35        android:allowBackup="false"
35-->src/main/AndroidManifest.xml:16:7-34
36        android:appComponentFactory="androidx.core.app.CoreComponentFactory"
36-->[androidx.core:core:1.5.0] AndroidManifest.xml:24:18-86
37        android:debuggable="true"
38        android:icon="@mipmap/ic_launcher"
38-->src/main/AndroidManifest.xml:14:7-41
39        android:label="@string/app_name"
39-->src/main/AndroidManifest.xml:13:7-39
40        android:roundIcon="@mipmap/ic_launcher_round"
40-->src/main/AndroidManifest.xml:15:7-52
41        android:supportsRtl="true"
41-->[com.facebook.android:facebook-android-sdk:8.2.0] AndroidManifest.xml:28:18-44
42        android:theme="@style/AppTheme"
42-->src/main/AndroidManifest.xml:17:7-38
43        android:usesCleartextTraffic="true" >
43-->src/debug/AndroidManifest.xml:8:9-44
44        <activity android:name="com.facebook.react.devsupport.DevSettingsActivity" />
44-->src/main/AndroidManifest.xml:63:3-80
44-->src/main/AndroidManifest.xml:63:13-77
45        <!-- PUSH NOTIFICATION -->
46        <meta-data
46-->src/main/AndroidManifest.xml:19:3-21:40
47            android:name="com.google.firebase.messaging.default_notification_channel_id"
47-->src/main/AndroidManifest.xml:20:13-89
48            android:value="facia_app" />
48-->src/main/AndroidManifest.xml:21:13-38
49
50        <service android:name="io.invertase.firebase.messaging.RNFirebaseMessagingService" >
50-->src/main/AndroidManifest.xml:22:3-26:13
50-->src/main/AndroidManifest.xml:22:12-85
51            <intent-filter>
51-->src/main/AndroidManifest.xml:23:4-25:20
52                <action android:name="com.google.firebase.MESSAGING_EVENT" />
52-->src/main/AndroidManifest.xml:24:5-66
52-->src/main/AndroidManifest.xml:24:13-63
53            </intent-filter>
54        </service>
55        <!--
56       <service
57        android:name="com.facia_app.service_provider.FirebaseMessageService"
58        android:exported="false"><intent-filter><action android:name="com.google.firebase.MESSAGING_EVENT" /></intent-filter></service>
59        -->
60        <service android:name="io.invertase.firebase.messaging.RNFirebaseInstanceIdService" >
60-->src/main/AndroidManifest.xml:31:3-35:13
60-->src/main/AndroidManifest.xml:31:12-86
61            <intent-filter>
61-->src/main/AndroidManifest.xml:32:4-34:20
62                <action android:name="com.google.firebase.INSTANCE_ID_EVENT" />
62-->src/main/AndroidManifest.xml:33:5-67
62-->src/main/AndroidManifest.xml:33:13-65
63            </intent-filter>
64        </service>
65
66        <receiver android:name="io.invertase.firebase.notifications.RNFirebaseNotificationReceiver" />
66-->src/main/AndroidManifest.xml:36:3-96
66-->src/main/AndroidManifest.xml:36:13-94
67        <receiver
67-->src/main/AndroidManifest.xml:37:3-44:14
68            android:name="io.invertase.firebase.notifications.RNFirebaseNotificationsRebootReceiver"
68-->src/main/AndroidManifest.xml:37:60-148
69            android:enabled="true"
69-->src/main/AndroidManifest.xml:37:13-35
70            android:exported="true" >
70-->src/main/AndroidManifest.xml:37:36-59
71            <intent-filter>
71-->src/main/AndroidManifest.xml:38:4-43:20
72                <action android:name="android.intent.action.BOOT_COMPLETED" />
72-->src/main/AndroidManifest.xml:39:5-66
72-->src/main/AndroidManifest.xml:39:13-64
73                <action android:name="android.intent.action.QUICKBOOT_POWERON" />
73-->src/main/AndroidManifest.xml:40:5-69
73-->src/main/AndroidManifest.xml:40:13-67
74                <action android:name="com.htc.intent.action.QUICKBOOT_POWERON" />
74-->src/main/AndroidManifest.xml:41:5-69
74-->src/main/AndroidManifest.xml:41:13-67
75
76                <category android:name="android.intent.category.DEFAULT" />
76-->src/main/AndroidManifest.xml:42:5-64
76-->src/main/AndroidManifest.xml:42:15-61
77            </intent-filter>
78        </receiver>
79
80        <service android:name="io.invertase.firebase.messaging.RNFirebaseBackgroundMessagingService" /> <!-- /PUSH NOTIFICATION -->
80-->src/main/AndroidManifest.xml:45:3-98
80-->src/main/AndroidManifest.xml:45:12-95
81        <!-- For facebook login -->
82        <meta-data
82-->src/main/AndroidManifest.xml:49:3-101
83            android:name="com.facebook.sdk.ApplicationId"
83-->src/main/AndroidManifest.xml:49:14-59
84            android:value="@string/facebook_app_id" /> <!-- /For facebook login -->
84-->src/main/AndroidManifest.xml:49:60-99
85        <activity
85-->src/main/AndroidManifest.xml:52:3-62:14
86            android:name="com.stripe_newversion.MainActivity"
86-->src/main/AndroidManifest.xml:53:9-37
87            android:configChanges="keyboard|keyboardHidden|orientation|screenSize|uiMode"
87-->src/main/AndroidManifest.xml:55:9-86
88            android:label="@string/app_name"
88-->src/main/AndroidManifest.xml:54:9-41
89            android:launchMode="singleTask"
89-->src/main/AndroidManifest.xml:56:9-40
90            android:windowSoftInputMode="adjustResize" >
90-->src/main/AndroidManifest.xml:57:9-51
91            <intent-filter>
91-->src/main/AndroidManifest.xml:58:4-61:20
92                <action android:name="android.intent.action.MAIN" />
92-->src/main/AndroidManifest.xml:59:5-57
92-->src/main/AndroidManifest.xml:59:13-54
93
94                <category android:name="android.intent.category.LAUNCHER" />
94-->src/main/AndroidManifest.xml:60:5-65
94-->src/main/AndroidManifest.xml:60:15-62
95            </intent-filter>
96        </activity>
97
98        <service
98-->[:react-native-firebase] AndroidManifest.xml:16:9-20:19
99            android:name="com.google.firebase.components.ComponentDiscoveryService"
99-->[:react-native-firebase] AndroidManifest.xml:16:18-89
100            android:directBootAware="true"
100-->[com.google.firebase:firebase-common:20.0.0] AndroidManifest.xml:35:13-43
101            android:exported="false" >
101-->[com.google.firebase:firebase-auth:21.0.1] AndroidManifest.xml:76:13-37
102            <meta-data
102-->[:react-native-firebase] AndroidManifest.xml:17:13-19:85
103                android:name="com.google.firebase.components:io.invertase.firebase.ReactNativeFirebaseAppRegistrar"
103-->[:react-native-firebase] AndroidManifest.xml:18:17-116
104                android:value="com.google.firebase.components.ComponentRegistrar" />
104-->[:react-native-firebase] AndroidManifest.xml:19:17-82
105            <meta-data
105-->[:react-native-firebase_app] AndroidManifest.xml:17:13-19:85
106                android:name="com.google.firebase.components:io.invertase.firebase.app.ReactNativeFirebaseAppRegistrar"
106-->[:react-native-firebase_app] AndroidManifest.xml:18:17-120
107                android:value="com.google.firebase.components.ComponentRegistrar" />
107-->[:react-native-firebase_app] AndroidManifest.xml:19:17-82
108            <meta-data
108-->[com.google.firebase:firebase-auth:21.0.1] AndroidManifest.xml:77:13-79:85
109                android:name="com.google.firebase.components:com.google.firebase.auth.FirebaseAuthRegistrar"
109-->[com.google.firebase:firebase-auth:21.0.1] AndroidManifest.xml:78:17-109
110                android:value="com.google.firebase.components.ComponentRegistrar" />
110-->[com.google.firebase:firebase-auth:21.0.1] AndroidManifest.xml:79:17-82
111            <meta-data
111-->[com.google.firebase:firebase-messaging:23.0.0] AndroidManifest.xml:52:13-54:85
112                android:name="com.google.firebase.components:com.google.firebase.messaging.FirebaseMessagingRegistrar"
112-->[com.google.firebase:firebase-messaging:23.0.0] AndroidManifest.xml:53:17-119
113                android:value="com.google.firebase.components.ComponentRegistrar" />
113-->[com.google.firebase:firebase-messaging:23.0.0] AndroidManifest.xml:54:17-82
114            <meta-data
114-->[com.google.firebase:firebase-iid:21.1.0] AndroidManifest.xml:32:13-34:85
115                android:name="com.google.firebase.components:com.google.firebase.iid.Registrar"
115-->[com.google.firebase:firebase-iid:21.1.0] AndroidManifest.xml:33:17-96
116                android:value="com.google.firebase.components.ComponentRegistrar" />
116-->[com.google.firebase:firebase-iid:21.1.0] AndroidManifest.xml:34:17-82
117            <meta-data
117-->[com.google.firebase:firebase-datatransport:18.0.0] AndroidManifest.xml:28:13-30:85
118                android:name="com.google.firebase.components:com.google.firebase.datatransport.TransportRegistrar"
118-->[com.google.firebase:firebase-datatransport:18.0.0] AndroidManifest.xml:29:17-115
119                android:value="com.google.firebase.components.ComponentRegistrar" />
119-->[com.google.firebase:firebase-datatransport:18.0.0] AndroidManifest.xml:30:17-82
120            <meta-data
120-->[com.google.android.gms:play-services-measurement-api:20.0.0] AndroidManifest.xml:30:13-32:85
121                android:name="com.google.firebase.components:com.google.firebase.analytics.connector.internal.AnalyticsConnectorRegistrar"
121-->[com.google.android.gms:play-services-measurement-api:20.0.0] AndroidManifest.xml:31:17-139
122                android:value="com.google.firebase.components.ComponentRegistrar" />
122-->[com.google.android.gms:play-services-measurement-api:20.0.0] AndroidManifest.xml:32:17-82
123            <meta-data
123-->[com.google.firebase:firebase-installations:17.0.0] AndroidManifest.xml:18:13-20:85
124                android:name="com.google.firebase.components:com.google.firebase.installations.FirebaseInstallationsRegistrar"
124-->[com.google.firebase:firebase-installations:17.0.0] AndroidManifest.xml:19:17-127
125                android:value="com.google.firebase.components.ComponentRegistrar" />
125-->[com.google.firebase:firebase-installations:17.0.0] AndroidManifest.xml:20:17-82
126        </service>
127
128        <meta-data
128-->[:react-native-firebase_app] AndroidManifest.xml:12:9-14:36
129            android:name="app_data_collection_default_enabled"
129-->[:react-native-firebase_app] AndroidManifest.xml:13:13-63
130            android:value="true" />
130-->[:react-native-firebase_app] AndroidManifest.xml:14:13-33
131
132        <provider
132-->[:react-native-firebase_app] AndroidManifest.xml:22:9-26:38
133            android:name="io.invertase.firebase.app.ReactNativeFirebaseAppInitProvider"
133-->[:react-native-firebase_app] AndroidManifest.xml:23:13-88
134            android:authorities="com.stripe_newversion.reactnativefirebaseappinitprovider"
134-->[:react-native-firebase_app] AndroidManifest.xml:24:13-86
135            android:exported="false"
135-->[:react-native-firebase_app] AndroidManifest.xml:25:13-37
136            android:initOrder="99" />
136-->[:react-native-firebase_app] AndroidManifest.xml:26:13-35
137        <provider
137-->[:react-native-image-picker] AndroidManifest.xml:12:9-20:20
138            android:name="com.imagepicker.ImagePickerProvider"
138-->[:react-native-image-picker] AndroidManifest.xml:13:13-63
139            android:authorities="com.stripe_newversion.imagepickerprovider"
139-->[:react-native-image-picker] AndroidManifest.xml:14:13-71
140            android:exported="false"
140-->[:react-native-image-picker] AndroidManifest.xml:15:13-37
141            android:grantUriPermissions="true" >
141-->[:react-native-image-picker] AndroidManifest.xml:16:13-47
142            <meta-data
142-->[:react-native-image-picker] AndroidManifest.xml:17:13-19:70
143                android:name="android.support.FILE_PROVIDER_PATHS"
143-->[:react-native-image-picker] AndroidManifest.xml:18:17-67
144                android:resource="@xml/imagepicker_provider_paths" />
144-->[:react-native-image-picker] AndroidManifest.xml:19:17-67
145        </provider> <!-- The main service, handles playback, playlists and media buttons -->
146        <service
146-->[:react-native-track-player] AndroidManifest.xml:17:9-24:19
147            android:name="com.guichaguri.trackplayer.service.MusicService"
147-->[:react-native-track-player] AndroidManifest.xml:18:13-75
148            android:enabled="true"
148-->[:react-native-track-player] AndroidManifest.xml:19:13-35
149            android:exported="true" >
149-->[:react-native-track-player] AndroidManifest.xml:20:13-36
150            <intent-filter>
150-->[:react-native-track-player] AndroidManifest.xml:21:13-23:29
151                <action android:name="android.intent.action.MEDIA_BUTTON" />
151-->[:react-native-track-player] AndroidManifest.xml:22:17-77
151-->[:react-native-track-player] AndroidManifest.xml:22:25-74
152            </intent-filter>
153        </service> <!-- A receiver that will receive media buttons. Required on pre-lollipop devices -->
154        <receiver android:name="androidx.media.session.MediaButtonReceiver" >
154-->[:react-native-track-player] AndroidManifest.xml:27:9-31:20
154-->[:react-native-track-player] AndroidManifest.xml:27:19-76
155            <intent-filter>
155-->[:react-native-track-player] AndroidManifest.xml:21:13-23:29
156                <action android:name="android.intent.action.MEDIA_BUTTON" />
156-->[:react-native-track-player] AndroidManifest.xml:22:17-77
156-->[:react-native-track-player] AndroidManifest.xml:22:25-74
157            </intent-filter>
158        </receiver>
159
160        <activity
160-->[com.facebook.android:facebook-common:8.2.0] AndroidManifest.xml:30:9-33:66
161            android:name="com.facebook.FacebookActivity"
161-->[com.facebook.android:facebook-common:8.2.0] AndroidManifest.xml:31:13-57
162            android:configChanges="keyboard|keyboardHidden|screenLayout|screenSize|orientation"
162-->[com.facebook.android:facebook-common:8.2.0] AndroidManifest.xml:32:13-96
163            android:theme="@style/com_facebook_activity_theme" />
163-->[com.facebook.android:facebook-common:8.2.0] AndroidManifest.xml:33:13-63
164        <activity android:name="com.facebook.CustomTabMainActivity" />
164-->[com.facebook.android:facebook-common:8.2.0] AndroidManifest.xml:34:9-71
164-->[com.facebook.android:facebook-common:8.2.0] AndroidManifest.xml:34:19-68
165        <activity
165-->[com.facebook.android:facebook-common:8.2.0] AndroidManifest.xml:35:9-49:20
166            android:name="com.facebook.CustomTabActivity"
166-->[com.facebook.android:facebook-common:8.2.0] AndroidManifest.xml:36:13-58
167            android:exported="true" >
167-->[com.facebook.android:facebook-common:8.2.0] AndroidManifest.xml:37:13-36
168            <intent-filter>
168-->[com.facebook.android:facebook-common:8.2.0] AndroidManifest.xml:39:13-48:29
169                <action android:name="android.intent.action.VIEW" />
169-->[com.facebook.android:facebook-common:8.2.0] AndroidManifest.xml:40:17-69
169-->[com.facebook.android:facebook-common:8.2.0] AndroidManifest.xml:40:25-66
170
171                <category android:name="android.intent.category.DEFAULT" />
171-->src/main/AndroidManifest.xml:42:5-64
171-->src/main/AndroidManifest.xml:42:15-61
172                <category android:name="android.intent.category.BROWSABLE" />
172-->[com.facebook.android:facebook-common:8.2.0] AndroidManifest.xml:43:17-78
172-->[com.facebook.android:facebook-common:8.2.0] AndroidManifest.xml:43:27-75
173
174                <data
174-->[com.facebook.android:facebook-common:8.2.0] AndroidManifest.xml:45:17-47:50
175                    android:host="cct.com.stripe_newversion"
175-->[com.facebook.android:facebook-common:8.2.0] AndroidManifest.xml:46:21-56
176                    android:scheme="fbconnect" />
176-->[com.facebook.android:facebook-common:8.2.0] AndroidManifest.xml:47:21-47
177            </intent-filter>
178        </activity>
179        <activity
179-->[com.google.android.gms:play-services-auth:19.2.0] AndroidManifest.xml:23:9-27:75
180            android:name="com.google.android.gms.auth.api.signin.internal.SignInHubActivity"
180-->[com.google.android.gms:play-services-auth:19.2.0] AndroidManifest.xml:24:13-93
181            android:excludeFromRecents="true"
181-->[com.google.android.gms:play-services-auth:19.2.0] AndroidManifest.xml:25:13-46
182            android:exported="false"
182-->[com.google.android.gms:play-services-auth:19.2.0] AndroidManifest.xml:26:13-37
183            android:theme="@android:style/Theme.Translucent.NoTitleBar" />
183-->[com.google.android.gms:play-services-auth:19.2.0] AndroidManifest.xml:27:13-72
184        <!--
185            Service handling Google Sign-In user revocation. For apps that do not integrate with
186            Google Sign-In, this service will never be started.
187        -->
188        <service
188-->[com.google.android.gms:play-services-auth:19.2.0] AndroidManifest.xml:33:9-37:51
189            android:name="com.google.android.gms.auth.api.signin.RevocationBoundService"
189-->[com.google.android.gms:play-services-auth:19.2.0] AndroidManifest.xml:34:13-89
190            android:exported="true"
190-->[com.google.android.gms:play-services-auth:19.2.0] AndroidManifest.xml:35:13-36
191            android:permission="com.google.android.gms.auth.api.signin.permission.REVOCATION_NOTIFICATION"
191-->[com.google.android.gms:play-services-auth:19.2.0] AndroidManifest.xml:36:13-107
192            android:visibleToInstantApps="true" />
192-->[com.google.android.gms:play-services-auth:19.2.0] AndroidManifest.xml:37:13-48
193
194        <activity
194-->[com.google.firebase:firebase-auth:21.0.1] AndroidManifest.xml:27:9-44:20
195            android:name="com.google.firebase.auth.internal.GenericIdpActivity"
195-->[com.google.firebase:firebase-auth:21.0.1] AndroidManifest.xml:28:13-80
196            android:excludeFromRecents="true"
196-->[com.google.firebase:firebase-auth:21.0.1] AndroidManifest.xml:29:13-46
197            android:exported="true"
197-->[com.google.firebase:firebase-auth:21.0.1] AndroidManifest.xml:30:13-36
198            android:launchMode="singleTask"
198-->[com.google.firebase:firebase-auth:21.0.1] AndroidManifest.xml:31:13-44
199            android:theme="@android:style/Theme.Translucent.NoTitleBar" >
199-->[com.google.firebase:firebase-auth:21.0.1] AndroidManifest.xml:32:13-72
200            <intent-filter>
200-->[com.google.firebase:firebase-auth:21.0.1] AndroidManifest.xml:33:13-43:29
201                <action android:name="android.intent.action.VIEW" />
201-->[com.facebook.android:facebook-common:8.2.0] AndroidManifest.xml:40:17-69
201-->[com.facebook.android:facebook-common:8.2.0] AndroidManifest.xml:40:25-66
202
203                <category android:name="android.intent.category.DEFAULT" />
203-->src/main/AndroidManifest.xml:42:5-64
203-->src/main/AndroidManifest.xml:42:15-61
204                <category android:name="android.intent.category.BROWSABLE" />
204-->[com.facebook.android:facebook-common:8.2.0] AndroidManifest.xml:43:17-78
204-->[com.facebook.android:facebook-common:8.2.0] AndroidManifest.xml:43:27-75
205
206                <data
206-->[com.facebook.android:facebook-common:8.2.0] AndroidManifest.xml:45:17-47:50
207                    android:host="firebase.auth"
207-->[com.facebook.android:facebook-common:8.2.0] AndroidManifest.xml:46:21-56
208                    android:path="/"
209                    android:scheme="genericidp" />
209-->[com.facebook.android:facebook-common:8.2.0] AndroidManifest.xml:47:21-47
210            </intent-filter>
211        </activity>
212        <activity
212-->[com.google.firebase:firebase-auth:21.0.1] AndroidManifest.xml:45:9-62:20
213            android:name="com.google.firebase.auth.internal.RecaptchaActivity"
213-->[com.google.firebase:firebase-auth:21.0.1] AndroidManifest.xml:46:13-79
214            android:excludeFromRecents="true"
214-->[com.google.firebase:firebase-auth:21.0.1] AndroidManifest.xml:47:13-46
215            android:exported="true"
215-->[com.google.firebase:firebase-auth:21.0.1] AndroidManifest.xml:48:13-36
216            android:launchMode="singleTask"
216-->[com.google.firebase:firebase-auth:21.0.1] AndroidManifest.xml:49:13-44
217            android:theme="@android:style/Theme.Translucent.NoTitleBar" >
217-->[com.google.firebase:firebase-auth:21.0.1] AndroidManifest.xml:50:13-72
218            <intent-filter>
218-->[com.google.firebase:firebase-auth:21.0.1] AndroidManifest.xml:51:13-61:29
219                <action android:name="android.intent.action.VIEW" />
219-->[com.facebook.android:facebook-common:8.2.0] AndroidManifest.xml:40:17-69
219-->[com.facebook.android:facebook-common:8.2.0] AndroidManifest.xml:40:25-66
220
221                <category android:name="android.intent.category.DEFAULT" />
221-->src/main/AndroidManifest.xml:42:5-64
221-->src/main/AndroidManifest.xml:42:15-61
222                <category android:name="android.intent.category.BROWSABLE" />
222-->[com.facebook.android:facebook-common:8.2.0] AndroidManifest.xml:43:17-78
222-->[com.facebook.android:facebook-common:8.2.0] AndroidManifest.xml:43:27-75
223
224                <data
224-->[com.facebook.android:facebook-common:8.2.0] AndroidManifest.xml:45:17-47:50
225                    android:host="firebase.auth"
225-->[com.facebook.android:facebook-common:8.2.0] AndroidManifest.xml:46:21-56
226                    android:path="/"
227                    android:scheme="recaptcha" />
227-->[com.facebook.android:facebook-common:8.2.0] AndroidManifest.xml:47:21-47
228            </intent-filter>
229        </activity>
230
231        <service
231-->[com.google.firebase:firebase-auth:21.0.1] AndroidManifest.xml:64:9-73:19
232            android:name="com.google.firebase.auth.api.fallback.service.FirebaseAuthFallbackService"
232-->[com.google.firebase:firebase-auth:21.0.1] AndroidManifest.xml:65:13-101
233            android:enabled="true"
233-->[com.google.firebase:firebase-auth:21.0.1] AndroidManifest.xml:66:13-35
234            android:exported="false" >
234-->[com.google.firebase:firebase-auth:21.0.1] AndroidManifest.xml:67:13-37
235            <intent-filter>
235-->[com.google.firebase:firebase-auth:21.0.1] AndroidManifest.xml:68:13-72:29
236                <action android:name="com.google.firebase.auth.api.gms.service.START" />
236-->[com.google.firebase:firebase-auth:21.0.1] AndroidManifest.xml:69:17-89
236-->[com.google.firebase:firebase-auth:21.0.1] AndroidManifest.xml:69:25-86
237
238                <category android:name="android.intent.category.DEFAULT" />
238-->src/main/AndroidManifest.xml:42:5-64
238-->src/main/AndroidManifest.xml:42:15-61
239            </intent-filter>
240        </service>
241
242        <activity
242-->[com.stripe:payments-core:16.10.2] AndroidManifest.xml:17:9-19:57
243            android:name="com.stripe.android.view.AddPaymentMethodActivity"
243-->[com.stripe:payments-core:16.10.2] AndroidManifest.xml:18:13-76
244            android:theme="@style/StripeDefaultTheme" />
244-->[com.stripe:payments-core:16.10.2] AndroidManifest.xml:19:13-54
245        <activity
245-->[com.stripe:payments-core:16.10.2] AndroidManifest.xml:20:9-22:57
246            android:name="com.stripe.android.view.PaymentMethodsActivity"
246-->[com.stripe:payments-core:16.10.2] AndroidManifest.xml:21:13-74
247            android:theme="@style/StripeDefaultTheme" />
247-->[com.stripe:payments-core:16.10.2] AndroidManifest.xml:22:13-54
248        <activity
248-->[com.stripe:payments-core:16.10.2] AndroidManifest.xml:23:9-25:57
249            android:name="com.stripe.android.view.PaymentFlowActivity"
249-->[com.stripe:payments-core:16.10.2] AndroidManifest.xml:24:13-71
250            android:theme="@style/StripeDefaultTheme" />
250-->[com.stripe:payments-core:16.10.2] AndroidManifest.xml:25:13-54
251        <activity
251-->[com.stripe:payments-core:16.10.2] AndroidManifest.xml:26:9-29:58
252            android:name="com.stripe.android.view.PaymentAuthWebViewActivity"
252-->[com.stripe:payments-core:16.10.2] AndroidManifest.xml:27:13-78
253            android:theme="@style/StripeDefaultTheme"
253-->[com.stripe:payments-core:16.10.2] AndroidManifest.xml:28:13-54
254            android:windowSoftInputMode="adjustResize" />
254-->[com.stripe:payments-core:16.10.2] AndroidManifest.xml:29:13-55
255        <activity
255-->[com.stripe:payments-core:16.10.2] AndroidManifest.xml:30:9-32:61
256            android:name="com.stripe.android.view.PaymentRelayActivity"
256-->[com.stripe:payments-core:16.10.2] AndroidManifest.xml:31:13-72
257            android:theme="@style/StripeTransparentTheme" />
257-->[com.stripe:payments-core:16.10.2] AndroidManifest.xml:32:13-58
258        <!--
259        Set android:launchMode="singleTop" so that the StripeBrowserLauncherActivity instance that
260        launched the browser Activity will also handle the return URL deep link.
261        -->
262        <activity
262-->[com.stripe:payments-core:16.10.2] AndroidManifest.xml:38:9-54:20
263            android:name="com.stripe.android.payments.StripeBrowserLauncherActivity"
263-->[com.stripe:payments-core:16.10.2] AndroidManifest.xml:39:13-85
264            android:launchMode="singleTop"
264-->[com.stripe:payments-core:16.10.2] AndroidManifest.xml:40:13-43
265            android:theme="@style/StripeTransparentTheme" >
265-->[com.stripe:payments-core:16.10.2] AndroidManifest.xml:41:13-58
266            <intent-filter>
266-->[com.stripe:payments-core:16.10.2] AndroidManifest.xml:42:13-53:29
267                <action android:name="android.intent.action.VIEW" />
267-->[com.facebook.android:facebook-common:8.2.0] AndroidManifest.xml:40:17-69
267-->[com.facebook.android:facebook-common:8.2.0] AndroidManifest.xml:40:25-66
268
269                <category android:name="android.intent.category.DEFAULT" />
269-->src/main/AndroidManifest.xml:42:5-64
269-->src/main/AndroidManifest.xml:42:15-61
270                <category android:name="android.intent.category.BROWSABLE" />
270-->[com.facebook.android:facebook-common:8.2.0] AndroidManifest.xml:43:17-78
270-->[com.facebook.android:facebook-common:8.2.0] AndroidManifest.xml:43:27-75
271
272                <!-- Must match `DefaultReturnUrl#value`. -->
273                <data
273-->[com.facebook.android:facebook-common:8.2.0] AndroidManifest.xml:45:17-47:50
274                    android:host="payment_return_url"
274-->[com.facebook.android:facebook-common:8.2.0] AndroidManifest.xml:46:21-56
275                    android:path="/com.stripe_newversion"
276                    android:scheme="stripesdk" />